2026-05-17 19:53:34.930 | INFO     | vkbottle.framework.base:polling:20 - Starting BotPolling for <API token_generator=<<class 'vkbottle.api.token_generator.single.SingleTokenGenerator'>>...>
2026-05-17 19:53:34.930 | DEBUG    | vkbottle.polling.bot_polling:get_server:49 - Getting polling server...
2026-05-17 19:53:34.931 | DEBUG    | vkbottle.api.api:validate_request:116 - API request was validated
2026-05-17 19:53:34.933 | INFO     | __main__:main:211 - Сервер запущен на порту 10000. Бот слушает сообщения...
2026-05-17 19:53:35.074 | DEBUG    | vkbottle.api.api:request:78 - Request groups.getById with {} data returned {"response":{"groups":[{"id":219181948,"name":"АНТИ-ТАР  Натальная карта","screen_name":"taroanti","is_closed":0,"type":"group","photo_50":"https:\/\/sun36-1.vkuserphoto.ru\/s\/v1\/ig2\/Uj7IzoeTpzY-8WcrzJ9eMmeX9LZ5dCIsPB-_o_rc9c6PcqBVPYnuD5EhPo3TttIMHnBNKYl2FLv9eng_AiOWSVy_.jpg?quality=95&crop=470,372,409,409&as=32x32,48x48,72x72,108x108,160x160,240x240,360x360&ava=1&cs=50x50","photo_100":"https:\/\/sun36-1.vkuserphoto.ru\/s\/v1\/ig2\/Uj7IzoeTpzY-8WcrzJ9eMmeX9LZ5dCIsPB-_o_rc9c6PcqBVPYnuD5EhPo3TttIMHnBNKYl2FLv9eng_AiOWSVy_.jpg?quality=95&crop=470,372,409,409&as=32x32,48x48,72x72,108x108,160x160,240x240,360x360&ava=1&cs=100x100","photo_200":"https:\/\/sun36-1.vkuserphoto.ru\/s\/v1\/ig2\/Uj7IzoeTpzY-8WcrzJ9eMmeX9LZ5dCIsPB-_o_rc9c6PcqBVPYnuD5EhPo3TttIMHnBNKYl2FLv9eng_AiOWSVy_.jpg?quality=95&crop=470,372,409,409&as=32x32,48x48,72x72,108x108,160x160,240x240,360x360&ava=1&cs=200x200"}],"profiles":[]}}
2026-05-17 19:53:35.079 | DEBUG    | vkbottle.api.api:validate_response:108 - API response was validated
2026-05-17 19:53:35.080 | DEBUG    | vkbottle.api.api:validate_request:116 - API request was validated
2026-05-17 19:53:35.143 | DEBUG    | vkbottle.api.api:request:78 - Request groups.getLongPollServer with {'group_id': 219181948} data returned {"response":{"key":"eyJhbGciOiJFZERTQSIsInR5cCI6IkpXVCJ9.eyJxdWV1ZV9pZCI6IjIxOTE4MTk0OCIsInVudGlsIjoxNzc5MDQwNDE1MDE2OTQ0MDY5fQ.jQzDXXWjMeDN19EK-hTuInjGyMxI-l8VmYN-kfiMvZN0QapFw7DumeHhFL95JAoLTxHEhAyaxujMbILiPEnvCw","server":"https:\/\/lp.vk.ru\/whp\/219181948","ts":"4818"}}
2026-05-17 19:53:35.144 | DEBUG    | vkbottle.api.api:validate_response:108 - API response was validated
2026-05-17 19:53:35.145 | DEBUG    | vkbottle.polling.base:listen:73 - Starting listening to BotPolling longpoll
2026-05-17 19:53:35.146 | DEBUG    | vkbottle.polling.bot_polling:get_event:36 - Making long request to get event with longpoll...
2026-05-17 19:53:57.145 | DEBUG    | vkbottle.framework.base:polling:23 - New event was received: {'ts': '4818', 'updates': []}
2026-05-17 19:53:57.145 | DEBUG    | vkbottle.polling.bot_polling:get_event:36 - Making long request to get event with longpoll...
2026-05-17 19:54:19.051 | DEBUG    | vkbottle.framework.base:polling:23 - New event was received: {'ts': '4818', 'updates': []}
2026-05-17 19:54:19.051 | DEBUG    | vkbottle.polling.bot_polling:get_event:36 - Making long request to get event with longpoll...
2026-05-17 19:54:40.956 | DEBUG    | vkbottle.framework.base:polling:23 - New event was received: {'ts': '4818', 'updates': []}
2026-05-17 19:54:40.957 | DEBUG    | vkbottle.polling.bot_polling:get_event:36 - Making long request to get event with longpoll...
2026-05-17 19:55:02.863 | DEBUG    | vkbottle.framework.base:polling:23 - New event was received: {'ts': '4818', 'updates': []}
2026-05-17 19:55:02.864 | DEBUG    | vkbottle.polling.bot_polling:get_event:36 - Making long request to get event with longpoll...
2026-05-17 19:55:24.768 | DEBUG    | vkbottle.framework.base:polling:23 - New event was received: {'ts': '4818', 'updates': []}
2026-05-17 19:55:24.769 | DEBUG    | vkbottle.polling.bot_polling:get_event:36 - Making long request to get event with longpoll...
2026-05-17 19:55:46.676 | DEBUG    | vkbottle.framework.base:polling:23 - New event was received: {'ts': '4818', 'updates': []}
2026-05-17 19:55:46.677 | DEBUG    | vkbottle.polling.bot_polling:get_event:36 - Making long request to get event with longpoll...
2026-05-17 19:56:08.828 | DEBUG    | vkbottle.framework.base:polling:23 - New event was received: {'ts': '4818', 'updates': []}
2026-05-17 19:56:08.829 | DEBUG    | vkbottle.polling.bot_polling:get_event:36 - Making long request to get event with longpoll...
2026-05-17 19:56:11.930 | ERROR    | __main__:main:224 - Error cleaning up typing tasks: cannot import name '_typing_tasks' from 'modules.utils' (D:\vk\vk\modules\utils\__init__.py)
