2026-07-12 09:52:11.859 | INFO     | modules.autoposter:pull_next_rubric:106 - 🔮 Из пула выбрана рубрика: BATTLE. Осталось в пуле: 7 рубрик.
2026-07-12 09:52:11.860 | INFO     | modules.autoposter:generate_post:434 - Генерация поста: BATTLE, персонаж olesya, tema 'Почему ты боишься успеха больше, чем поражения?'
2026-07-12 09:52:11.861 | ERROR    | modules.autoposter:generate_post:562 - Генерация поста прервана: чистый ИИ-текст слишком короткий или отсутствует (16 < 400)
2026-07-12 09:52:11.961 | INFO     | modules.autoposter:handle_diagnosis_comment:171 - Получен запрос на вскрытие от 12345 под постом 67890: 01.01.1990
2026-07-12 09:52:15.175 | INFO     | modules.autoposter:handle_diagnosis_comment:188 - Персонаж для поста 67890 не найден в кэше, выбран рандомный: blinovskaya
2026-07-12 09:52:17.882 | SUCCESS  | modules.utils.pdf:generate_premium_pdf:286 - PDF успешно создан: test_output.pdf
2026-07-12 09:52:17.896 | SUCCESS  | modules.utils.docs:upload_pdf_to_vk:72 - Документ palmistry.pdf успешно загружен в ВК (попытка 1): doc27260796_702463127_test_access_key
2026-07-12 09:52:17.905 | SUCCESS  | modules.utils.docs:upload_pdf_to_vk:72 - Документ test.pdf успешно загружен в ВК (попытка 1): doc654321_123456
2026-07-12 09:52:18.414 | SUCCESS  | modules.support:create_neon_feedback_card:420 - Successfully generated crystal cosmic feedback card at cards/test_feedback_placeholder.png
2026-07-12 09:52:18.791 | SUCCESS  | modules.support:create_neon_feedback_card:420 - Successfully generated crystal cosmic feedback card at cards/test_feedback_avatar.png
2026-07-12 09:52:19.164 | SUCCESS  | modules.support:create_neon_feedback_card:420 - Successfully generated crystal cosmic feedback card at cards/test_feedback_scaling.png
2026-07-12 09:52:19.175 | WARNING  | main:verify_vk_signature:82 - Signature mismatch! Expected (computed): 380btVrMzeEKKPp9EUHus1aZAKt3qY5s7uxCGFTRpbU | Received from VK: bHJNPfXXy1JFG2WQCmn-5VAw7TpzmaPuxNnhuan1Spg
2026-07-12 09:52:19.203 | INFO     | modules.payments.callbacks:_message_event_handler_wrapped:320 - message_event_handler triggered by vk_id=27260796, cmd=main_menu
2026-07-12 09:52:19.675 | INFO     | modules.autoposter:generate_post:434 - Генерация поста: SACRED_SCIENCE, персонаж cherevatov, tema 'Как распознать, что ты живешь не свою жизнь, а навязанную извне?'
2026-07-12 09:52:19.679 | INFO     | modules.autoposter:generate_post:434 - Генерация поста: PROVOCATION, персонаж guzeeva, tema 'Зачем нужно «заземляться» в эпоху цифрового шума?'
2026-07-12 09:52:19.684 | INFO     | modules.autoposter:generate_post:388 - Сгенерирован скрытый шифр для поста: PROXY-559 на 99 ✨
2026-07-12 09:52:19.684 | INFO     | modules.autoposter:generate_post:434 - Генерация поста: SACRED_SCIENCE, персонаж professor, tema 'Как по руке определить предрасположенность к большим деньгам.'
2026-07-12 09:52:19.698 | WARNING  | modules.tarot.secret_arts_logic:generate_sigil_image:20 - Background nonexistent.jpeg not found. Creating a dark cosmic template.
2026-07-12 09:52:19.828 | SUCCESS  | modules.tarot.secret_arts_logic:generate_sigil_image:120 - Сигил успешно сгенерирован и сохранен по пути: /tmp/pytest-of-jules/pytest-2/test_generate_sigil_image_defa0/test_sigil.jpeg
2026-07-12 09:52:19.902 | SUCCESS  | modules.tarot.secret_arts_logic:process_oculomancy_eye:220 - Окуломантия-карточка глаза успешно создана: /tmp/pytest-of-jules/pytest-2/test_process_oculomancy_eye_du0/test_eye_out.jpeg
2026-07-12 09:52:19.923 | INFO     | modules.autoposter:generate_post:388 - Сгенерирован скрытый шифр для поста: GRID-579 на 77 ✨
2026-07-12 09:52:19.924 | INFO     | modules.autoposter:generate_post:434 - Генерация поста: PROVOCATION, персонаж saint_germain, tema 'Как понять, кто рядом с тобой - союзник или энергетический вампир?'
2026-07-12 09:52:19.928 | INFO     | modules.autoposter:generate_post:434 - Генерация поста: PROVOCATION, персонаж freud, tema 'Хиромантия для бизнеса: как читать знаки успеха.'
2026-07-12 09:52:19.929 | INFO     | modules.autoposter:generate_post:434 - Генерация поста: PROVOCATION, персонаж vanga, tema 'Как воспитать в себе дисциплину без насилия над собой.'
2026-07-12 09:52:19.934 | INFO     | modules.autoposter:generate_post:434 - Генерация поста: PROVOCATION, персонаж blinovskaya, tema 'Синастрия с самим собой: почему ты конфликтуешь со своими желаниями?'
2026-07-12 09:52:19.938 | INFO     | modules.autoposter:generate_post:388 - Сгенерирован скрытый шифр для поста: UPLINK-793 на 127 ✨
2026-07-12 09:52:19.938 | INFO     | modules.autoposter:generate_post:434 - Генерация поста: PROVOCATION, персонаж sheps_alex, tema 'Как перестать сравнивать себя с другими и начать диктовать свои правила.'
2026-07-12 09:52:19.939 | INFO     | modules.autoposter:generate_post:434 - Генерация поста: PROVOCATION, персонаж nostradamus, tema 'Почему некоторые люди выжигают тебя за 5 минут, а с другими - подъем?'
2026-07-12 09:52:19.943 | ERROR    | modules.autoposter:post_to_vk:678 - Аборт публикации: пост не сгенерирован
2026-07-12 09:52:19.952 | ERROR    | modules.autoposter:post_to_vk:683 - Не удалось отправить алерт админу: AsyncMock.keys() returned a non-iterable (type coroutine)
2026-07-12 09:52:19.963 | ERROR    | modules.autoposter:post_to_vk:688 - Аборт публикации: текст ИИ слишком короткий (14 < 400 символов)
2026-07-12 09:52:19.973 | ERROR    | modules.autoposter:post_to_vk:693 - Не удалось отправить алерт админу: AsyncMock.keys() returned a non-iterable (type coroutine)
2026-07-12 09:52:20.190 | ERROR    | modules.autoposter:post_to_vk:800 - Ошибка при автопостинге: 1 validation error for PostResponse
response
  field required (type=value_error.missing)
Traceback (most recent call last):

  File "/home/jules/.cache/pypoetry/virtualenvs/vkbot-9TtSrW0h-py3.12/bin/pytest", line 8, in <module>
    sys.exit(console_main())
    │   │    └ <function console_main at 0x7fd1090b0ea0>
    │   └ <built-in function exit>
    └ <module 'sys' (built-in)>
  File "/home/jules/.cache/pypoetry/virtualenvs/vkbot-9TtSrW0h-py3.12/lib/python3.12/site-packages/_pytest/config/__init__.py", line 223, in console_main
    code = main()
           └ <function main at 0x7fd1090b0e00>
  File "/home/jules/.cache/pypoetry/virtualenvs/vkbot-9TtSrW0h-py3.12/lib/python3.12/site-packages/_pytest/config/__init__.py", line 199, in main
    ret: ExitCode | int = config.hook.pytest_cmdline_main(config=config)
         │                │      │    │                          └ <_pytest.config.Config object at 0x7fd109741640>
         │                │      │    └ <HookCaller 'pytest_cmdline_main'>
         │                │      └ <_pytest.config.compat.PathAwareHookProxy object at 0x7fd108ee31a0>
         │                └ <_pytest.config.Config object at 0x7fd109741640>
         └ <enum 'ExitCode'>
  File "/home/jules/.cache/pypoetry/virtualenvs/vkbot-9TtSrW0h-py3.12/lib/python3.12/site-packages/pluggy/_hooks.py", line 512, in __call__
    return self._hookexec(self.name, self._hookimpls.copy(), kwargs, firstresult)
           │    │         │    │     │    │                  │       └ True
           │    │         │    │     │    │                  └ {'config': <_pytest.config.Config object at 0x7fd109741640>}
           │    │         │    │     │    └ <member '_hookimpls' of 'HookCaller' objects>
           │    │         │    │     └ <HookCaller 'pytest_cmdline_main'>
           │    │         │    └ <member 'name' of 'HookCaller' objects>
           │    │         └ <HookCaller 'pytest_cmdline_main'>
           │    └ <member '_hookexec' of 'HookCaller' objects>
           └ <HookCaller 'pytest_cmdline_main'>
  File "/home/jules/.cache/pypoetry/virtualenvs/vkbot-9TtSrW0h-py3.12/lib/python3.12/site-packages/pluggy/_manager.py", line 120, in _hookexec
    return self._inner_hookexec(hook_name, methods, kwargs, firstresult)
           │    │               │          │        │       └ True
           │    │               │          │        └ {'config': <_pytest.config.Config object at 0x7fd109741640>}
           │    │               │          └ [<HookImpl plugin_name='main', plugin=<module '_pytest.main' from '/home/jules/.cache/pypoetry/virtualenvs/vkbot-9TtSrW0h-py3...
           │    │               └ 'pytest_cmdline_main'
           │    └ <function _multicall at 0x7fd10996d8a0>
           └ <_pytest.config.PytestPluginManager object at 0x7fd1090125a0>
  File "/home/jules/.cache/pypoetry/virtualenvs/vkbot-9TtSrW0h-py3.12/lib/python3.12/site-packages/pluggy/_callers.py", line 121, in _multicall
    res = hook_impl.function(*args)
          │         │         └ [<_pytest.config.Config object at 0x7fd109741640>]
          │         └ <member 'function' of 'HookImpl' objects>
          └ <HookImpl plugin_name='main', plugin=<module '_pytest.main' from '/home/jules/.cache/pypoetry/virtualenvs/vkbot-9TtSrW0h-py3....
  File "/home/jules/.cache/pypoetry/virtualenvs/vkbot-9TtSrW0h-py3.12/lib/python3.12/site-packages/_pytest/main.py", line 365, in pytest_cmdline_main
    return wrap_session(config, _main)
           │            │       └ <function _main at 0x7fd109163a60>
           │            └ <_pytest.config.Config object at 0x7fd109741640>
           └ <function wrap_session at 0x7fd109163920>
  File "/home/jules/.cache/pypoetry/virtualenvs/vkbot-9TtSrW0h-py3.12/lib/python3.12/site-packages/_pytest/main.py", line 318, in wrap_session
    session.exitstatus = doit(config, session) or 0
    │       │            │    │       └ <Session  exitstatus=<ExitCode.OK: 0> testsfailed=0 testscollected=64>
    │       │            │    └ <_pytest.config.Config object at 0x7fd109741640>
    │       │            └ <function _main at 0x7fd109163a60>
    │       └ <ExitCode.OK: 0>
    └ <Session  exitstatus=<ExitCode.OK: 0> testsfailed=0 testscollected=64>
  File "/home/jules/.cache/pypoetry/virtualenvs/vkbot-9TtSrW0h-py3.12/lib/python3.12/site-packages/_pytest/main.py", line 372, in _main
    config.hook.pytest_runtestloop(session=session)
    │      │    │                          └ <Session  exitstatus=<ExitCode.OK: 0> testsfailed=0 testscollected=64>
    │      │    └ <HookCaller 'pytest_runtestloop'>
    │      └ <_pytest.config.compat.PathAwareHookProxy object at 0x7fd108ee31a0>
    └ <_pytest.config.Config object at 0x7fd109741640>
  File "/home/jules/.cache/pypoetry/virtualenvs/vkbot-9TtSrW0h-py3.12/lib/python3.12/site-packages/pluggy/_hooks.py", line 512, in __call__
    return self._hookexec(self.name, self._hookimpls.copy(), kwargs, firstresult)
           │    │         │    │     │    │                  │       └ True
           │    │         │    │     │    │                  └ {'session': <Session  exitstatus=<ExitCode.OK: 0> testsfailed=0 testscollected=64>}
           │    │         │    │     │    └ <member '_hookimpls' of 'HookCaller' objects>
           │    │         │    │     └ <HookCaller 'pytest_runtestloop'>
           │    │         │    └ <member 'name' of 'HookCaller' objects>
           │    │         └ <HookCaller 'pytest_runtestloop'>
           │    └ <member '_hookexec' of 'HookCaller' objects>
           └ <HookCaller 'pytest_runtestloop'>
  File "/home/jules/.cache/pypoetry/virtualenvs/vkbot-9TtSrW0h-py3.12/lib/python3.12/site-packages/pluggy/_manager.py", line 120, in _hookexec
    return self._inner_hookexec(hook_name, methods, kwargs, firstresult)
           │    │               │          │        │       └ True
           │    │               │          │        └ {'session': <Session  exitstatus=<ExitCode.OK: 0> testsfailed=0 testscollected=64>}
           │    │               │          └ [<HookImpl plugin_name='main', plugin=<module '_pytest.main' from '/home/jules/.cache/pypoetry/virtualenvs/vkbot-9TtSrW0h-py3...
           │    │               └ 'pytest_runtestloop'
           │    └ <function _multicall at 0x7fd10996d8a0>
           └ <_pytest.config.PytestPluginManager object at 0x7fd1090125a0>
  File "/home/jules/.cache/pypoetry/virtualenvs/vkbot-9TtSrW0h-py3.12/lib/python3.12/site-packages/pluggy/_callers.py", line 121, in _multicall
    res = hook_impl.function(*args)
          │         │         └ [<Session  exitstatus=<ExitCode.OK: 0> testsfailed=0 testscollected=64>]
          │         └ <member 'function' of 'HookImpl' objects>
          └ <HookImpl plugin_name='main', plugin=<module '_pytest.main' from '/home/jules/.cache/pypoetry/virtualenvs/vkbot-9TtSrW0h-py3....
  File "/home/jules/.cache/pypoetry/virtualenvs/vkbot-9TtSrW0h-py3.12/lib/python3.12/site-packages/_pytest/main.py", line 396, in pytest_runtestloop
    item.config.hook.pytest_runtest_protocol(item=item, nextitem=nextitem)
    │    │                                        │              └ <Coroutine test_escaped_newline_handling>
    │    │                                        └ <Coroutine test_autoposter_validation_and_alerting>
    │    └ <member 'config' of 'Node' objects>
    └ <Coroutine test_autoposter_validation_and_alerting>
  File "/home/jules/.cache/pypoetry/virtualenvs/vkbot-9TtSrW0h-py3.12/lib/python3.12/site-packages/pluggy/_hooks.py", line 512, in __call__
    return self._hookexec(self.name, self._hookimpls.copy(), kwargs, firstresult)
           │    │         │    │     │    │                  │       └ True
           │    │         │    │     │    │                  └ {'item': <Coroutine test_autoposter_validation_and_alerting>, 'nextitem': <Coroutine test_escaped_newline_handling>}
           │    │         │    │     │    └ <member '_hookimpls' of 'HookCaller' objects>
           │    │         │    │     └ <HookCaller 'pytest_runtest_protocol'>
           │    │         │    └ <member 'name' of 'HookCaller' objects>
           │    │         └ <HookCaller 'pytest_runtest_protocol'>
           │    └ <member '_hookexec' of 'HookCaller' objects>
           └ <HookCaller 'pytest_runtest_protocol'>
  File "/home/jules/.cache/pypoetry/virtualenvs/vkbot-9TtSrW0h-py3.12/lib/python3.12/site-packages/pluggy/_manager.py", line 120, in _hookexec
    return self._inner_hookexec(hook_name, methods, kwargs, firstresult)
           │    │               │          │        │       └ True
           │    │               │          │        └ {'item': <Coroutine test_autoposter_validation_and_alerting>, 'nextitem': <Coroutine test_escaped_newline_handling>}
           │    │               │          └ [<HookImpl plugin_name='runner', plugin=<module '_pytest.runner' from '/home/jules/.cache/pypoetry/virtualenvs/vkbot-9TtSrW0h...
           │    │               └ 'pytest_runtest_protocol'
           │    └ <function _multicall at 0x7fd10996d8a0>
           └ <_pytest.config.PytestPluginManager object at 0x7fd1090125a0>
  File "/home/jules/.cache/pypoetry/virtualenvs/vkbot-9TtSrW0h-py3.12/lib/python3.12/site-packages/pluggy/_callers.py", line 121, in _multicall
    res = hook_impl.function(*args)
          │         │         └ [<Coroutine test_autoposter_validation_and_alerting>, <Coroutine test_escaped_newline_handling>]
          │         └ <member 'function' of 'HookImpl' objects>
          └ <HookImpl plugin_name='runner', plugin=<module '_pytest.runner' from '/home/jules/.cache/pypoetry/virtualenvs/vkbot-9TtSrW0h-...
  File "/home/jules/.cache/pypoetry/virtualenvs/vkbot-9TtSrW0h-py3.12/lib/python3.12/site-packages/_pytest/runner.py", line 118, in pytest_runtest_protocol
    runtestprotocol(item, nextitem=nextitem)
    │               │              └ <Coroutine test_escaped_newline_handling>
    │               └ <Coroutine test_autoposter_validation_and_alerting>
    └ <function runtestprotocol at 0x7fd109162b60>
  File "/home/jules/.cache/pypoetry/virtualenvs/vkbot-9TtSrW0h-py3.12/lib/python3.12/site-packages/_pytest/runner.py", line 137, in runtestprotocol
    reports.append(call_and_report(item, "call", log))
    │       │      │               │             └ True
    │       │      │               └ <Coroutine test_autoposter_validation_and_alerting>
    │       │      └ <function call_and_report at 0x7fd109162fc0>
    │       └ <method 'append' of 'list' objects>
    └ [<TestReport 'tests/test_viral_autoposter.py::test_autoposter_validation_and_alerting' when='setup' outcome='passed'>]
  File "/home/jules/.cache/pypoetry/virtualenvs/vkbot-9TtSrW0h-py3.12/lib/python3.12/site-packages/_pytest/runner.py", line 244, in call_and_report
    call = CallInfo.from_call(
           │        └ <classmethod(<function CallInfo.from_call at 0x7fd109163380>)>
           └ <class '_pytest.runner.CallInfo'>
  File "/home/jules/.cache/pypoetry/virtualenvs/vkbot-9TtSrW0h-py3.12/lib/python3.12/site-packages/_pytest/runner.py", line 353, in from_call
    result: TResult | None = func()
            │                └ <function call_and_report.<locals>.<lambda> at 0x7fd10353d580>
            └ +TResult
  File "/home/jules/.cache/pypoetry/virtualenvs/vkbot-9TtSrW0h-py3.12/lib/python3.12/site-packages/_pytest/runner.py", line 245, in <lambda>
    lambda: runtest_hook(item=item, **kwds),
            │                 │       └ {}
            │                 └ <Coroutine test_autoposter_validation_and_alerting>
            └ <HookCaller 'pytest_runtest_call'>
  File "/home/jules/.cache/pypoetry/virtualenvs/vkbot-9TtSrW0h-py3.12/lib/python3.12/site-packages/pluggy/_hooks.py", line 512, in __call__
    return self._hookexec(self.name, self._hookimpls.copy(), kwargs, firstresult)
           │    │         │    │     │    │                  │       └ False
           │    │         │    │     │    │                  └ {'item': <Coroutine test_autoposter_validation_and_alerting>}
           │    │         │    │     │    └ <member '_hookimpls' of 'HookCaller' objects>
           │    │         │    │     └ <HookCaller 'pytest_runtest_call'>
           │    │         │    └ <member 'name' of 'HookCaller' objects>
           │    │         └ <HookCaller 'pytest_runtest_call'>
           │    └ <member '_hookexec' of 'HookCaller' objects>
           └ <HookCaller 'pytest_runtest_call'>
  File "/home/jules/.cache/pypoetry/virtualenvs/vkbot-9TtSrW0h-py3.12/lib/python3.12/site-packages/pluggy/_manager.py", line 120, in _hookexec
    return self._inner_hookexec(hook_name, methods, kwargs, firstresult)
           │    │               │          │        │       └ False
           │    │               │          │        └ {'item': <Coroutine test_autoposter_validation_and_alerting>}
           │    │               │          └ [<HookImpl plugin_name='threadexception', plugin=<module '_pytest.threadexception' from '/home/jules/.cache/pypoetry/virtuale...
           │    │               └ 'pytest_runtest_call'
           │    └ <function _multicall at 0x7fd10996d8a0>
           └ <_pytest.config.PytestPluginManager object at 0x7fd1090125a0>
  File "/home/jules/.cache/pypoetry/virtualenvs/vkbot-9TtSrW0h-py3.12/lib/python3.12/site-packages/pluggy/_callers.py", line 121, in _multicall
    res = hook_impl.function(*args)
          │         │         └ [<Coroutine test_autoposter_validation_and_alerting>]
          │         └ <member 'function' of 'HookImpl' objects>
          └ <HookImpl plugin_name='runner', plugin=<module '_pytest.runner' from '/home/jules/.cache/pypoetry/virtualenvs/vkbot-9TtSrW0h-...
  File "/home/jules/.cache/pypoetry/virtualenvs/vkbot-9TtSrW0h-py3.12/lib/python3.12/site-packages/_pytest/runner.py", line 179, in pytest_runtest_call
    item.runtest()
    │    └ <function PytestAsyncioFunction.runtest at 0x7fd108559f80>
    └ <Coroutine test_autoposter_validation_and_alerting>
  File "/home/jules/.cache/pypoetry/virtualenvs/vkbot-9TtSrW0h-py3.12/lib/python3.12/site-packages/pytest_asyncio/plugin.py", line 469, in runtest
    super().runtest()
  File "/home/jules/.cache/pypoetry/virtualenvs/vkbot-9TtSrW0h-py3.12/lib/python3.12/site-packages/_pytest/python.py", line 1720, in runtest
    self.ihook.pytest_pyfunc_call(pyfuncitem=self)
    │    │                                   └ <Coroutine test_autoposter_validation_and_alerting>
    │    └ <property object at 0x7fd1090dcea0>
    └ <Coroutine test_autoposter_validation_and_alerting>
  File "/home/jules/.cache/pypoetry/virtualenvs/vkbot-9TtSrW0h-py3.12/lib/python3.12/site-packages/pluggy/_hooks.py", line 512, in __call__
    return self._hookexec(self.name, self._hookimpls.copy(), kwargs, firstresult)
           │    │         │    │     │    │                  │       └ True
           │    │         │    │     │    │                  └ {'pyfuncitem': <Coroutine test_autoposter_validation_and_alerting>}
           │    │         │    │     │    └ <member '_hookimpls' of 'HookCaller' objects>
           │    │         │    │     └ <HookCaller 'pytest_pyfunc_call'>
           │    │         │    └ <member 'name' of 'HookCaller' objects>
           │    │         └ <HookCaller 'pytest_pyfunc_call'>
           │    └ <member '_hookexec' of 'HookCaller' objects>
           └ <HookCaller 'pytest_pyfunc_call'>
  File "/home/jules/.cache/pypoetry/virtualenvs/vkbot-9TtSrW0h-py3.12/lib/python3.12/site-packages/pluggy/_manager.py", line 120, in _hookexec
    return self._inner_hookexec(hook_name, methods, kwargs, firstresult)
           │    │               │          │        │       └ True
           │    │               │          │        └ {'pyfuncitem': <Coroutine test_autoposter_validation_and_alerting>}
           │    │               │          └ [<HookImpl plugin_name='python', plugin=<module '_pytest.python' from '/home/jules/.cache/pypoetry/virtualenvs/vkbot-9TtSrW0h...
           │    │               └ 'pytest_pyfunc_call'
           │    └ <function _multicall at 0x7fd10996d8a0>
           └ <_pytest.config.PytestPluginManager object at 0x7fd1090125a0>
  File "/home/jules/.cache/pypoetry/virtualenvs/vkbot-9TtSrW0h-py3.12/lib/python3.12/site-packages/pluggy/_callers.py", line 121, in _multicall
    res = hook_impl.function(*args)
          │         │         └ [<Coroutine test_autoposter_validation_and_alerting>]
          │         └ <member 'function' of 'HookImpl' objects>
          └ <HookImpl plugin_name='python', plugin=<module '_pytest.python' from '/home/jules/.cache/pypoetry/virtualenvs/vkbot-9TtSrW0h-...
  File "/home/jules/.cache/pypoetry/virtualenvs/vkbot-9TtSrW0h-py3.12/lib/python3.12/site-packages/_pytest/python.py", line 166, in pytest_pyfunc_call
    result = testfunction(**testargs)
             │              └ {}
             └ <function test_autoposter_validation_and_alerting at 0x7fd10055e200>
  File "/home/jules/.cache/pypoetry/virtualenvs/vkbot-9TtSrW0h-py3.12/lib/python3.12/site-packages/pytest_asyncio/plugin.py", line 716, in inner
    runner.run(coro, context=context)
    │      │   │             └ <_contextvars.Context object at 0x7fd1039eaec0>
    │      │   └ <coroutine object test_autoposter_validation_and_alerting at 0x7fd1009d0c80>
    │      └ <function Runner.run at 0x7fd108cd07c0>
    └ <asyncio.runners.Runner object at 0x7fd1005adbb0>
  File "/home/jules/.pyenv/versions/3.12.13/lib/python3.12/asyncio/runners.py", line 118, in run
    return self._loop.run_until_complete(task)
           │    │     │                  └ <Task pending name='Task-107' coro=<test_autoposter_validation_and_alerting() running at /app/tests/test_viral_autoposter.py:...
           │    │     └ <function BaseEventLoop.run_until_complete at 0x7fd108cce340>
           │    └ <_UnixSelectorEventLoop running=True closed=False debug=False>
           └ <asyncio.runners.Runner object at 0x7fd1005adbb0>
  File "/home/jules/.pyenv/versions/3.12.13/lib/python3.12/asyncio/base_events.py", line 678, in run_until_complete
    self.run_forever()
    │    └ <function BaseEventLoop.run_forever at 0x7fd108cce2a0>
    └ <_UnixSelectorEventLoop running=True closed=False debug=False>
  File "/home/jules/.pyenv/versions/3.12.13/lib/python3.12/asyncio/base_events.py", line 645, in run_forever
    self._run_once()
    │    └ <function BaseEventLoop._run_once at 0x7fd108cd00e0>
    └ <_UnixSelectorEventLoop running=True closed=False debug=False>
  File "/home/jules/.pyenv/versions/3.12.13/lib/python3.12/asyncio/base_events.py", line 1999, in _run_once
    handle._run()
    │      └ <function Handle._run at 0x7fd108c6c680>
    └ <Handle <_asyncio.TaskStepMethWrapper object at 0x7fd1005b6260>()>
  File "/home/jules/.pyenv/versions/3.12.13/lib/python3.12/asyncio/events.py", line 88, in _run
    self._context.run(self._callback, *self._args)
    │    │            │    │           │    └ <member '_args' of 'Handle' objects>
    │    │            │    │           └ <Handle <_asyncio.TaskStepMethWrapper object at 0x7fd1005b6260>()>
    │    │            │    └ <member '_callback' of 'Handle' objects>
    │    │            └ <Handle <_asyncio.TaskStepMethWrapper object at 0x7fd1005b6260>()>
    │    └ <member '_context' of 'Handle' objects>
    └ <Handle <_asyncio.TaskStepMethWrapper object at 0x7fd1005b6260>()>

  File "/app/tests/test_viral_autoposter.py", line 163, in test_autoposter_validation_and_alerting
    await post_to_vk(is_morning=True)
          └ <function post_to_vk at 0x7fd1046df2e0>

> File "/app/modules/autoposter.py", line 767, in post_to_vk
    res_wall = await bot.api.wall.post(
                     │   │   └ <property object at 0x7fd104a7d670>
                     │   └ <API token_generator=<<class 'vkbottle.api.token_generator.single.SingleTokenGenerator'>>...>
                     └ <vkbottle.framework.bot.bot.Bot object at 0x7fd1047f6840>

  File "/home/jules/.cache/pypoetry/virtualenvs/vkbot-9TtSrW0h-py3.12/lib/python3.12/site-packages/vkbottle_types/codegen/methods/wall.py", line 559, in post
    return model(**response).response
           │       └ {'post_id': 123}
           └ <class 'vkbottle_types.codegen.responses.wall.PostResponse'>

  File "pydantic/main.py", line 364, in pydantic.main.BaseModel.__init__
    raise validation_error

pydantic.error_wrappers.ValidationError: 1 validation error for PostResponse
response
  field required (type=value_error.missing)
2026-07-12 09:52:20.241 | INFO     | modules.autoposter:generate_post:434 - Генерация поста: PROVOCATION, персонаж messing, tema 'Как отличить свою истинную цель от навязанного желания.'
2026-07-12 09:52:20.246 | INFO     | modules.autoposter:generate_post:354 - Выбран случайный Аркан для CARD_HISTORY: Семерка Мечей (ID: 56)
2026-07-12 09:52:20.246 | INFO     | modules.autoposter:generate_post:434 - Генерация поста: CARD_HISTORY, персонаж freud, tema 'История Аркана Семерка Мечей'
