2026-07-12 08:42:09.135 | ERROR    | modules.autoposter:get_remaining_rubrics_pool:76 - Ошибка получения пула рубрик из Redis: Request URL is missing an 'http://' or 'https://' protocol.
2026-07-12 08:42:12.140 | ERROR    | modules.autoposter:reset_rubrics_pool:87 - Ошибка сохранения пула рубрик в Redis: Request URL is missing an 'http://' or 'https://' protocol.
2026-07-12 08:42:15.145 | ERROR    | modules.autoposter:save_rubrics_pool:95 - Ошибка сохранения пула рубрик в Redis: Request URL is missing an 'http://' or 'https://' protocol.
2026-07-12 08:42:15.145 | INFO     | modules.autoposter:pull_next_rubric:106 - 🔮 Из пула выбрана рубрика: BATTLE. Осталось в пуле: 16 рубрик.
2026-07-12 08:42:15.145 | INFO     | modules.autoposter:generate_post:434 - Генерация поста: BATTLE, персонаж kaliostro, tema 'Как по руке определить предрасположенность к большим деньгам.'
2026-07-12 08:42:15.146 | ERROR    | modules.autoposter:generate_post:562 - Генерация поста прервана: чистый ИИ-текст слишком короткий или отсутствует (16 < 400)
2026-07-12 08:42:15.151 | INFO     | modules.autoposter:handle_diagnosis_comment:171 - Получен запрос на вскрытие от 12345 под постом 67890: 01.01.1990
2026-07-12 08:42:18.156 | ERROR    | modules.autoposter:handle_diagnosis_comment:190 - Ошибка получения скина из Redis: Request URL is missing an 'http://' or 'https://' protocol.
2026-07-12 08:42:20.832 | SUCCESS  | modules.utils.pdf:generate_premium_pdf:286 - PDF успешно создан: test_output.pdf
2026-07-12 08:42:20.847 | SUCCESS  | modules.utils.docs:upload_pdf_to_vk:72 - Документ palmistry.pdf успешно загружен в ВК (попытка 1): doc27260796_702463127_test_access_key
2026-07-12 08:42:20.855 | SUCCESS  | modules.utils.docs:upload_pdf_to_vk:72 - Документ test.pdf успешно загружен в ВК (попытка 1): doc654321_123456
2026-07-12 08:42:21.411 | SUCCESS  | modules.support:create_neon_feedback_card:420 - Successfully generated crystal cosmic feedback card at cards/test_feedback_placeholder.png
2026-07-12 08:42:21.801 | SUCCESS  | modules.support:create_neon_feedback_card:420 - Successfully generated crystal cosmic feedback card at cards/test_feedback_avatar.png
2026-07-12 08:42:22.192 | SUCCESS  | modules.support:create_neon_feedback_card:420 - Successfully generated crystal cosmic feedback card at cards/test_feedback_scaling.png
2026-07-12 08:42:22.203 | WARNING  | main:verify_vk_signature:82 - Signature mismatch! Expected (computed): 380btVrMzeEKKPp9EUHus1aZAKt3qY5s7uxCGFTRpbU | Received from VK: bHJNPfXXy1JFG2WQCmn-5VAw7TpzmaPuxNnhuan1Spg
2026-07-12 08:42:22.229 | INFO     | modules.payments.callbacks:_message_event_handler_wrapped:320 - message_event_handler triggered by vk_id=27260796, cmd=main_menu
2026-07-12 08:42:25.788 | INFO     | modules.autoposter:generate_post:388 - Сгенерирован скрытый шифр для поста: OVERRIDE-395 на 149 ✨
2026-07-12 08:42:25.788 | INFO     | modules.autoposter:generate_post:434 - Генерация поста: SACRED_SCIENCE, персонаж jack_sparrow, tema 'В каких сферах жизни ты добровольно отдаешь свою силу другим?'
2026-07-12 08:42:25.792 | INFO     | modules.autoposter:generate_post:434 - Генерация поста: PROVOCATION, персонаж freud, tema 'Почему комфорт - главный враг твоего развития?'
2026-07-12 08:42:25.796 | INFO     | modules.autoposter:generate_post:388 - Сгенерирован скрытый шифр для поста: KERNEL-145 на 88 ✨
2026-07-12 08:42:25.796 | INFO     | modules.autoposter:generate_post:434 - Генерация поста: SACRED_SCIENCE, персонаж blinovskaya, tema 'Роль партнеров в твоем личном развитии: зеркала или препятствия?'
2026-07-12 08:42:25.810 | WARNING  | modules.tarot.secret_arts_logic:generate_sigil_image:20 - Background nonexistent.jpeg not found. Creating a dark cosmic template.
2026-07-12 08:42:25.947 | SUCCESS  | modules.tarot.secret_arts_logic:generate_sigil_image:120 - Сигил успешно сгенерирован и сохранен по пути: /tmp/pytest-of-jules/pytest-2/test_generate_sigil_image_defa0/test_sigil.jpeg
2026-07-12 08:42:26.029 | SUCCESS  | modules.tarot.secret_arts_logic:process_oculomancy_eye:220 - Окуломантия-карточка глаза успешно создана: /tmp/pytest-of-jules/pytest-2/test_process_oculomancy_eye_du0/test_eye_out.jpeg
2026-07-12 08:42:26.054 | INFO     | modules.autoposter:generate_post:434 - Генерация поста: PROVOCATION, персонаж saint_germain, tema 'Твое состояние - главный актив: как управлять им осознанно.'
2026-07-12 08:42:26.060 | INFO     | modules.autoposter:generate_post:434 - Генерация поста: PROVOCATION, персонаж olesya, tema 'Почему правда о тебе - самая болезненная, но самая нужная?'
2026-07-12 08:42:26.061 | INFO     | modules.autoposter:generate_post:434 - Генерация поста: PROVOCATION, персонаж pythia, tema 'Что делать, когда «карты» говорят одно, а логика - другое?'
2026-07-12 08:42:26.064 | INFO     | modules.autoposter:generate_post:434 - Генерация поста: PROVOCATION, персонаж cleopatra, tema 'Линия сердца: как перестать наступать на одни и те же грабли?'
2026-07-12 08:42:26.069 | INFO     | modules.autoposter:generate_post:388 - Сгенерирован скрытый шифр для поста: ERROR-471 на 60 ✨
2026-07-12 08:42:26.069 | INFO     | modules.autoposter:generate_post:434 - Генерация поста: PROVOCATION, персонаж pythia, tema 'Как понять, в чем твоя истинная суперсила по знакам на ладони?'
2026-07-12 08:42:26.071 | INFO     | modules.autoposter:generate_post:434 - Генерация поста: PROVOCATION, персонаж anubis, tema 'Как распознать «деловую совместимость» до подписания контракта.'
2026-07-12 08:42:26.075 | ERROR    | modules.autoposter:post_to_vk:678 - Аборт публикации: пост не сгенерирован
2026-07-12 08:42:26.077 | ERROR    | modules.autoposter:post_to_vk:683 - Не удалось отправить алерт админу: AsyncMock.keys() returned a non-iterable (type coroutine)
2026-07-12 08:42:26.078 | ERROR    | modules.autoposter:post_to_vk:688 - Аборт публикации: текст ИИ слишком короткий (14 < 400 символов)
2026-07-12 08:42:26.079 | ERROR    | modules.autoposter:post_to_vk:693 - Не удалось отправить алерт админу: AsyncMock.keys() returned a non-iterable (type coroutine)
2026-07-12 08:42:26.352 | ERROR    | modules.autoposter:post_to_vk:800 - Ошибка при автопостинге: 1 validation error for PostResponse
response
  field required (type=value_error.missing)
Traceback (most recent call last):

  File "/home/jules/.cache/pypoetry/virtualenvs/vkbot-9TtSrW0h-py3.12/bin/pytest", line 8, in <module>
    sys.exit(console_main())
    │   │    └ <function console_main at 0x7f0cd0708f40>
    │   └ <built-in function exit>
    └ <module 'sys' (built-in)>
  File "/home/jules/.cache/pypoetry/virtualenvs/vkbot-9TtSrW0h-py3.12/lib/python3.12/site-packages/_pytest/config/__init__.py", line 223, in console_main
    code = main()
           └ <function main at 0x7f0cd0708ea0>
  File "/home/jules/.cache/pypoetry/virtualenvs/vkbot-9TtSrW0h-py3.12/lib/python3.12/site-packages/_pytest/config/__init__.py", line 199, in main
    ret: ExitCode | int = config.hook.pytest_cmdline_main(config=config)
         │                │      │    │                          └ <_pytest.config.Config object at 0x7f0cd0c82390>
         │                │      │    └ <HookCaller 'pytest_cmdline_main'>
         │                │      └ <_pytest.config.compat.PathAwareHookProxy object at 0x7f0cd053fdd0>
         │                └ <_pytest.config.Config object at 0x7f0cd0c82390>
         └ <enum 'ExitCode'>
  File "/home/jules/.cache/pypoetry/virtualenvs/vkbot-9TtSrW0h-py3.12/lib/python3.12/site-packages/pluggy/_hooks.py", line 512, in __call__
    return self._hookexec(self.name, self._hookimpls.copy(), kwargs, firstresult)
           │    │         │    │     │    │                  │       └ True
           │    │         │    │     │    │                  └ {'config': <_pytest.config.Config object at 0x7f0cd0c82390>}
           │    │         │    │     │    └ <member '_hookimpls' of 'HookCaller' objects>
           │    │         │    │     └ <HookCaller 'pytest_cmdline_main'>
           │    │         │    └ <member 'name' of 'HookCaller' objects>
           │    │         └ <HookCaller 'pytest_cmdline_main'>
           │    └ <member '_hookexec' of 'HookCaller' objects>
           └ <HookCaller 'pytest_cmdline_main'>
  File "/home/jules/.cache/pypoetry/virtualenvs/vkbot-9TtSrW0h-py3.12/lib/python3.12/site-packages/pluggy/_manager.py", line 120, in _hookexec
    return self._inner_hookexec(hook_name, methods, kwargs, firstresult)
           │    │               │          │        │       └ True
           │    │               │          │        └ {'config': <_pytest.config.Config object at 0x7f0cd0c82390>}
           │    │               │          └ [<HookImpl plugin_name='main', plugin=<module '_pytest.main' from '/home/jules/.cache/pypoetry/virtualenvs/vkbot-9TtSrW0h-py3...
           │    │               └ 'pytest_cmdline_main'
           │    └ <function _multicall at 0x7f0cd0fbd940>
           └ <_pytest.config.PytestPluginManager object at 0x7f0cd0602810>
  File "/home/jules/.cache/pypoetry/virtualenvs/vkbot-9TtSrW0h-py3.12/lib/python3.12/site-packages/pluggy/_callers.py", line 121, in _multicall
    res = hook_impl.function(*args)
          │         │         └ [<_pytest.config.Config object at 0x7f0cd0c82390>]
          │         └ <member 'function' of 'HookImpl' objects>
          └ <HookImpl plugin_name='main', plugin=<module '_pytest.main' from '/home/jules/.cache/pypoetry/virtualenvs/vkbot-9TtSrW0h-py3....
  File "/home/jules/.cache/pypoetry/virtualenvs/vkbot-9TtSrW0h-py3.12/lib/python3.12/site-packages/_pytest/main.py", line 365, in pytest_cmdline_main
    return wrap_session(config, _main)
           │            │       └ <function _main at 0x7f0cd07bbb00>
           │            └ <_pytest.config.Config object at 0x7f0cd0c82390>
           └ <function wrap_session at 0x7f0cd07bb9c0>
  File "/home/jules/.cache/pypoetry/virtualenvs/vkbot-9TtSrW0h-py3.12/lib/python3.12/site-packages/_pytest/main.py", line 318, in wrap_session
    session.exitstatus = doit(config, session) or 0
    │       │            │    │       └ <Session  exitstatus=<ExitCode.OK: 0> testsfailed=1 testscollected=61>
    │       │            │    └ <_pytest.config.Config object at 0x7f0cd0c82390>
    │       │            └ <function _main at 0x7f0cd07bbb00>
    │       └ <ExitCode.OK: 0>
    └ <Session  exitstatus=<ExitCode.OK: 0> testsfailed=1 testscollected=61>
  File "/home/jules/.cache/pypoetry/virtualenvs/vkbot-9TtSrW0h-py3.12/lib/python3.12/site-packages/_pytest/main.py", line 372, in _main
    config.hook.pytest_runtestloop(session=session)
    │      │    │                          └ <Session  exitstatus=<ExitCode.OK: 0> testsfailed=1 testscollected=61>
    │      │    └ <HookCaller 'pytest_runtestloop'>
    │      └ <_pytest.config.compat.PathAwareHookProxy object at 0x7f0cd053fdd0>
    └ <_pytest.config.Config object at 0x7f0cd0c82390>
  File "/home/jules/.cache/pypoetry/virtualenvs/vkbot-9TtSrW0h-py3.12/lib/python3.12/site-packages/pluggy/_hooks.py", line 512, in __call__
    return self._hookexec(self.name, self._hookimpls.copy(), kwargs, firstresult)
           │    │         │    │     │    │                  │       └ True
           │    │         │    │     │    │                  └ {'session': <Session  exitstatus=<ExitCode.OK: 0> testsfailed=1 testscollected=61>}
           │    │         │    │     │    └ <member '_hookimpls' of 'HookCaller' objects>
           │    │         │    │     └ <HookCaller 'pytest_runtestloop'>
           │    │         │    └ <member 'name' of 'HookCaller' objects>
           │    │         └ <HookCaller 'pytest_runtestloop'>
           │    └ <member '_hookexec' of 'HookCaller' objects>
           └ <HookCaller 'pytest_runtestloop'>
  File "/home/jules/.cache/pypoetry/virtualenvs/vkbot-9TtSrW0h-py3.12/lib/python3.12/site-packages/pluggy/_manager.py", line 120, in _hookexec
    return self._inner_hookexec(hook_name, methods, kwargs, firstresult)
           │    │               │          │        │       └ True
           │    │               │          │        └ {'session': <Session  exitstatus=<ExitCode.OK: 0> testsfailed=1 testscollected=61>}
           │    │               │          └ [<HookImpl plugin_name='main', plugin=<module '_pytest.main' from '/home/jules/.cache/pypoetry/virtualenvs/vkbot-9TtSrW0h-py3...
           │    │               └ 'pytest_runtestloop'
           │    └ <function _multicall at 0x7f0cd0fbd940>
           └ <_pytest.config.PytestPluginManager object at 0x7f0cd0602810>
  File "/home/jules/.cache/pypoetry/virtualenvs/vkbot-9TtSrW0h-py3.12/lib/python3.12/site-packages/pluggy/_callers.py", line 121, in _multicall
    res = hook_impl.function(*args)
          │         │         └ [<Session  exitstatus=<ExitCode.OK: 0> testsfailed=1 testscollected=61>]
          │         └ <member 'function' of 'HookImpl' objects>
          └ <HookImpl plugin_name='main', plugin=<module '_pytest.main' from '/home/jules/.cache/pypoetry/virtualenvs/vkbot-9TtSrW0h-py3....
  File "/home/jules/.cache/pypoetry/virtualenvs/vkbot-9TtSrW0h-py3.12/lib/python3.12/site-packages/_pytest/main.py", line 396, in pytest_runtestloop
    item.config.hook.pytest_runtest_protocol(item=item, nextitem=nextitem)
    │    │                                        │              └ <Coroutine test_escaped_newline_handling>
    │    │                                        └ <Coroutine test_autoposter_validation_and_alerting>
    │    └ <member 'config' of 'Node' objects>
    └ <Coroutine test_autoposter_validation_and_alerting>
  File "/home/jules/.cache/pypoetry/virtualenvs/vkbot-9TtSrW0h-py3.12/lib/python3.12/site-packages/pluggy/_hooks.py", line 512, in __call__
    return self._hookexec(self.name, self._hookimpls.copy(), kwargs, firstresult)
           │    │         │    │     │    │                  │       └ True
           │    │         │    │     │    │                  └ {'item': <Coroutine test_autoposter_validation_and_alerting>, 'nextitem': <Coroutine test_escaped_newline_handling>}
           │    │         │    │     │    └ <member '_hookimpls' of 'HookCaller' objects>
           │    │         │    │     └ <HookCaller 'pytest_runtest_protocol'>
           │    │         │    └ <member 'name' of 'HookCaller' objects>
           │    │         └ <HookCaller 'pytest_runtest_protocol'>
           │    └ <member '_hookexec' of 'HookCaller' objects>
           └ <HookCaller 'pytest_runtest_protocol'>
  File "/home/jules/.cache/pypoetry/virtualenvs/vkbot-9TtSrW0h-py3.12/lib/python3.12/site-packages/pluggy/_manager.py", line 120, in _hookexec
    return self._inner_hookexec(hook_name, methods, kwargs, firstresult)
           │    │               │          │        │       └ True
           │    │               │          │        └ {'item': <Coroutine test_autoposter_validation_and_alerting>, 'nextitem': <Coroutine test_escaped_newline_handling>}
           │    │               │          └ [<HookImpl plugin_name='runner', plugin=<module '_pytest.runner' from '/home/jules/.cache/pypoetry/virtualenvs/vkbot-9TtSrW0h...
           │    │               └ 'pytest_runtest_protocol'
           │    └ <function _multicall at 0x7f0cd0fbd940>
           └ <_pytest.config.PytestPluginManager object at 0x7f0cd0602810>
  File "/home/jules/.cache/pypoetry/virtualenvs/vkbot-9TtSrW0h-py3.12/lib/python3.12/site-packages/pluggy/_callers.py", line 121, in _multicall
    res = hook_impl.function(*args)
          │         │         └ [<Coroutine test_autoposter_validation_and_alerting>, <Coroutine test_escaped_newline_handling>]
          │         └ <member 'function' of 'HookImpl' objects>
          └ <HookImpl plugin_name='runner', plugin=<module '_pytest.runner' from '/home/jules/.cache/pypoetry/virtualenvs/vkbot-9TtSrW0h-...
  File "/home/jules/.cache/pypoetry/virtualenvs/vkbot-9TtSrW0h-py3.12/lib/python3.12/site-packages/_pytest/runner.py", line 118, in pytest_runtest_protocol
    runtestprotocol(item, nextitem=nextitem)
    │               │              └ <Coroutine test_escaped_newline_handling>
    │               └ <Coroutine test_autoposter_validation_and_alerting>
    └ <function runtestprotocol at 0x7f0cd07bac00>
  File "/home/jules/.cache/pypoetry/virtualenvs/vkbot-9TtSrW0h-py3.12/lib/python3.12/site-packages/_pytest/runner.py", line 137, in runtestprotocol
    reports.append(call_and_report(item, "call", log))
    │       │      │               │             └ True
    │       │      │               └ <Coroutine test_autoposter_validation_and_alerting>
    │       │      └ <function call_and_report at 0x7f0cd07bb060>
    │       └ <method 'append' of 'list' objects>
    └ [<TestReport 'tests/test_viral_autoposter.py::test_autoposter_validation_and_alerting' when='setup' outcome='passed'>]
  File "/home/jules/.cache/pypoetry/virtualenvs/vkbot-9TtSrW0h-py3.12/lib/python3.12/site-packages/_pytest/runner.py", line 244, in call_and_report
    call = CallInfo.from_call(
           │        └ <classmethod(<function CallInfo.from_call at 0x7f0cd07bb420>)>
           └ <class '_pytest.runner.CallInfo'>
  File "/home/jules/.cache/pypoetry/virtualenvs/vkbot-9TtSrW0h-py3.12/lib/python3.12/site-packages/_pytest/runner.py", line 353, in from_call
    result: TResult | None = func()
            │                └ <function call_and_report.<locals>.<lambda> at 0x7f0ccef236a0>
            └ +TResult
  File "/home/jules/.cache/pypoetry/virtualenvs/vkbot-9TtSrW0h-py3.12/lib/python3.12/site-packages/_pytest/runner.py", line 245, in <lambda>
    lambda: runtest_hook(item=item, **kwds),
            │                 │       └ {}
            │                 └ <Coroutine test_autoposter_validation_and_alerting>
            └ <HookCaller 'pytest_runtest_call'>
  File "/home/jules/.cache/pypoetry/virtualenvs/vkbot-9TtSrW0h-py3.12/lib/python3.12/site-packages/pluggy/_hooks.py", line 512, in __call__
    return self._hookexec(self.name, self._hookimpls.copy(), kwargs, firstresult)
           │    │         │    │     │    │                  │       └ False
           │    │         │    │     │    │                  └ {'item': <Coroutine test_autoposter_validation_and_alerting>}
           │    │         │    │     │    └ <member '_hookimpls' of 'HookCaller' objects>
           │    │         │    │     └ <HookCaller 'pytest_runtest_call'>
           │    │         │    └ <member 'name' of 'HookCaller' objects>
           │    │         └ <HookCaller 'pytest_runtest_call'>
           │    └ <member '_hookexec' of 'HookCaller' objects>
           └ <HookCaller 'pytest_runtest_call'>
  File "/home/jules/.cache/pypoetry/virtualenvs/vkbot-9TtSrW0h-py3.12/lib/python3.12/site-packages/pluggy/_manager.py", line 120, in _hookexec
    return self._inner_hookexec(hook_name, methods, kwargs, firstresult)
           │    │               │          │        │       └ False
           │    │               │          │        └ {'item': <Coroutine test_autoposter_validation_and_alerting>}
           │    │               │          └ [<HookImpl plugin_name='threadexception', plugin=<module '_pytest.threadexception' from '/home/jules/.cache/pypoetry/virtuale...
           │    │               └ 'pytest_runtest_call'
           │    └ <function _multicall at 0x7f0cd0fbd940>
           └ <_pytest.config.PytestPluginManager object at 0x7f0cd0602810>
  File "/home/jules/.cache/pypoetry/virtualenvs/vkbot-9TtSrW0h-py3.12/lib/python3.12/site-packages/pluggy/_callers.py", line 121, in _multicall
    res = hook_impl.function(*args)
          │         │         └ [<Coroutine test_autoposter_validation_and_alerting>]
          │         └ <member 'function' of 'HookImpl' objects>
          └ <HookImpl plugin_name='runner', plugin=<module '_pytest.runner' from '/home/jules/.cache/pypoetry/virtualenvs/vkbot-9TtSrW0h-...
  File "/home/jules/.cache/pypoetry/virtualenvs/vkbot-9TtSrW0h-py3.12/lib/python3.12/site-packages/_pytest/runner.py", line 179, in pytest_runtest_call
    item.runtest()
    │    └ <function PytestAsyncioFunction.runtest at 0x7f0ccfbb2020>
    └ <Coroutine test_autoposter_validation_and_alerting>
  File "/home/jules/.cache/pypoetry/virtualenvs/vkbot-9TtSrW0h-py3.12/lib/python3.12/site-packages/pytest_asyncio/plugin.py", line 469, in runtest
    super().runtest()
  File "/home/jules/.cache/pypoetry/virtualenvs/vkbot-9TtSrW0h-py3.12/lib/python3.12/site-packages/_pytest/python.py", line 1720, in runtest
    self.ihook.pytest_pyfunc_call(pyfuncitem=self)
    │    │                                   └ <Coroutine test_autoposter_validation_and_alerting>
    │    └ <property object at 0x7f0cd0734db0>
    └ <Coroutine test_autoposter_validation_and_alerting>
  File "/home/jules/.cache/pypoetry/virtualenvs/vkbot-9TtSrW0h-py3.12/lib/python3.12/site-packages/pluggy/_hooks.py", line 512, in __call__
    return self._hookexec(self.name, self._hookimpls.copy(), kwargs, firstresult)
           │    │         │    │     │    │                  │       └ True
           │    │         │    │     │    │                  └ {'pyfuncitem': <Coroutine test_autoposter_validation_and_alerting>}
           │    │         │    │     │    └ <member '_hookimpls' of 'HookCaller' objects>
           │    │         │    │     └ <HookCaller 'pytest_pyfunc_call'>
           │    │         │    └ <member 'name' of 'HookCaller' objects>
           │    │         └ <HookCaller 'pytest_pyfunc_call'>
           │    └ <member '_hookexec' of 'HookCaller' objects>
           └ <HookCaller 'pytest_pyfunc_call'>
  File "/home/jules/.cache/pypoetry/virtualenvs/vkbot-9TtSrW0h-py3.12/lib/python3.12/site-packages/pluggy/_manager.py", line 120, in _hookexec
    return self._inner_hookexec(hook_name, methods, kwargs, firstresult)
           │    │               │          │        │       └ True
           │    │               │          │        └ {'pyfuncitem': <Coroutine test_autoposter_validation_and_alerting>}
           │    │               │          └ [<HookImpl plugin_name='python', plugin=<module '_pytest.python' from '/home/jules/.cache/pypoetry/virtualenvs/vkbot-9TtSrW0h...
           │    │               └ 'pytest_pyfunc_call'
           │    └ <function _multicall at 0x7f0cd0fbd940>
           └ <_pytest.config.PytestPluginManager object at 0x7f0cd0602810>
  File "/home/jules/.cache/pypoetry/virtualenvs/vkbot-9TtSrW0h-py3.12/lib/python3.12/site-packages/pluggy/_callers.py", line 121, in _multicall
    res = hook_impl.function(*args)
          │         │         └ [<Coroutine test_autoposter_validation_and_alerting>]
          │         └ <member 'function' of 'HookImpl' objects>
          └ <HookImpl plugin_name='python', plugin=<module '_pytest.python' from '/home/jules/.cache/pypoetry/virtualenvs/vkbot-9TtSrW0h-...
  File "/home/jules/.cache/pypoetry/virtualenvs/vkbot-9TtSrW0h-py3.12/lib/python3.12/site-packages/_pytest/python.py", line 166, in pytest_pyfunc_call
    result = testfunction(**testargs)
             │              └ {}
             └ <function test_autoposter_validation_and_alerting at 0x7f0cc8318400>
  File "/home/jules/.cache/pypoetry/virtualenvs/vkbot-9TtSrW0h-py3.12/lib/python3.12/site-packages/pytest_asyncio/plugin.py", line 716, in inner
    runner.run(coro, context=context)
    │      │   │             └ <_contextvars.Context object at 0x7f0cc3493d80>
    │      │   └ <coroutine object test_autoposter_validation_and_alerting at 0x7f0cc8f89540>
    │      └ <function Runner.run at 0x7f0cd0330860>
    └ <asyncio.runners.Runner object at 0x7f0cc83761e0>
  File "/home/jules/.pyenv/versions/3.12.13/lib/python3.12/asyncio/runners.py", line 118, in run
    return self._loop.run_until_complete(task)
           │    │     │                  └ <Task pending name='Task-106' coro=<test_autoposter_validation_and_alerting() running at /app/tests/test_viral_autoposter.py:...
           │    │     └ <function BaseEventLoop.run_until_complete at 0x7f0cd032e3e0>
           │    └ <_UnixSelectorEventLoop running=True closed=False debug=False>
           └ <asyncio.runners.Runner object at 0x7f0cc83761e0>
  File "/home/jules/.pyenv/versions/3.12.13/lib/python3.12/asyncio/base_events.py", line 678, in run_until_complete
    self.run_forever()
    │    └ <function BaseEventLoop.run_forever at 0x7f0cd032e340>
    └ <_UnixSelectorEventLoop running=True closed=False debug=False>
  File "/home/jules/.pyenv/versions/3.12.13/lib/python3.12/asyncio/base_events.py", line 645, in run_forever
    self._run_once()
    │    └ <function BaseEventLoop._run_once at 0x7f0cd0330180>
    └ <_UnixSelectorEventLoop running=True closed=False debug=False>
  File "/home/jules/.pyenv/versions/3.12.13/lib/python3.12/asyncio/base_events.py", line 1999, in _run_once
    handle._run()
    │      └ <function Handle._run at 0x7f0cd02c8720>
    └ <Handle <_asyncio.TaskStepMethWrapper object at 0x7f0cc8375b40>()>
  File "/home/jules/.pyenv/versions/3.12.13/lib/python3.12/asyncio/events.py", line 88, in _run
    self._context.run(self._callback, *self._args)
    │    │            │    │           │    └ <member '_args' of 'Handle' objects>
    │    │            │    │           └ <Handle <_asyncio.TaskStepMethWrapper object at 0x7f0cc8375b40>()>
    │    │            │    └ <member '_callback' of 'Handle' objects>
    │    │            └ <Handle <_asyncio.TaskStepMethWrapper object at 0x7f0cc8375b40>()>
    │    └ <member '_context' of 'Handle' objects>
    └ <Handle <_asyncio.TaskStepMethWrapper object at 0x7f0cc8375b40>()>

  File "/app/tests/test_viral_autoposter.py", line 163, in test_autoposter_validation_and_alerting
    await post_to_vk(is_morning=True)
          └ <function post_to_vk at 0x7f0ccbd3f380>

> File "/app/modules/autoposter.py", line 767, in post_to_vk
    res_wall = await bot.api.wall.post(
                     │   │   └ <property object at 0x7f0ccc0d9490>
                     │   └ <API token_generator=<<class 'vkbottle.api.token_generator.single.SingleTokenGenerator'>>...>
                     └ <vkbottle.framework.bot.bot.Bot object at 0x7f0ccbe6e840>

  File "/home/jules/.cache/pypoetry/virtualenvs/vkbot-9TtSrW0h-py3.12/lib/python3.12/site-packages/vkbottle_types/codegen/methods/wall.py", line 559, in post
    return model(**response).response
           │       └ {'post_id': 123}
           └ <class 'vkbottle_types.codegen.responses.wall.PostResponse'>

  File "pydantic/main.py", line 364, in pydantic.main.BaseModel.__init__
    raise validation_error

pydantic.error_wrappers.ValidationError: 1 validation error for PostResponse
response
  field required (type=value_error.missing)
2026-07-12 08:42:26.375 | INFO     | modules.autoposter:generate_post:434 - Генерация поста: PROVOCATION, персонаж pythia, tema 'Знаки «кармических долгов»: что с этим делать?'
2026-07-12 08:42:26.380 | INFO     | modules.autoposter:generate_post:354 - Выбран случайный Аркан для CARD_HISTORY: Тройка Жезлов (ID: 24)
2026-07-12 08:42:26.380 | INFO     | modules.autoposter:generate_post:434 - Генерация поста: CARD_HISTORY, персонаж freud, tema 'История Аркана Тройка Жезлов'
